<?xml version="1.0" encoding="UTF-8"?>
<!-- Generated by org.testng.reporters.JUnitXMLReporter -->
<testsuite ignored="0" hostname="shailesh" failures="0" tests="2" name="Default test" time="99.097" errors="0" timestamp="2022-11-24T11:57:19 IST">
  <testcase classname="vTiger.ContactsTestNgTests.CreateContactWithOrganizationTest" name="createContactDemoTest" time="0.103"/>
  <testcase classname="vTiger.ContactsTestNgTests.CreateContactWithOrganizationTest" name="createContactWithOrgTest" time="51.161"/>
</testsuite> <!-- Default test -->
