<?xml version="1.0" encoding="UTF-8"?>
<!-- Generated by org.testng.reporters.JUnitXMLReporter -->
<testsuite ignored="4" hostname="shailesh" failures="0" tests="2" name="Test" time="225.471" errors="0" timestamp="2022-11-24T12:34:48 IST">
  <testcase classname="vTiger.ContactsTestNgTests.CreateContactTest" name="createContactTest" time="50.824"/>
  <testcase classname="vTiger.ContactsTestNgTests.CreateContactWithOrganizationTest" name="createContactWithOrgTest" time="53.845"/>
  <testcase classname="vTiger.ContactsTestNgTests.CreateContactWithOrganizationTest" name="createContactDemoTest" time="0.0">
    <ignored/>
  </testcase> <!-- createContactDemoTest -->
  <testcase classname="vTiger.GenericLibrary.BaseClass" name="@BeforeSuite bsConfig" time="0.0">
    <ignored/>
  </testcase> <!-- @BeforeSuite bsConfig -->
  <testcase classname="vTiger.GenericLibrary.BaseClass" name="@AfterSuite asConfig" time="0.0">
    <ignored/>
  </testcase> <!-- @AfterSuite asConfig -->
  <testcase classname="vTiger.ContactsTestNgTests.CreateContactTest" name="CreateContactDemotest" time="0.0">
    <ignored/>
  </testcase> <!-- CreateContactDemotest -->
</testsuite> <!-- Test -->
