<?xml version="1.0" encoding="UTF-8"?>
<testng-results ignored="0" total="1" passed="1" failed="0" skipped="0">
  <reporter-output>
  </reporter-output>
  <suite started-at="2022-11-25T10:33:43 IST" name="testng_ReadDataFromCmd" finished-at="2022-11-25T10:33:44 IST" duration-ms="65">
    <groups>
    </groups>
    <test started-at="2022-11-25T10:33:43 IST" name="Test" finished-at="2022-11-25T10:33:44 IST" duration-ms="65">
      <class name="vTiger.Practice.ReadDataFromCmdLine">
        <test-method signature="readData()[pri:0, instance:vTiger.Practice.ReadDataFromCmdLine@6eda5c9]" started-at="2022-11-25T10:33:44 IST" name="readData" finished-at="2022-11-25T10:33:44 IST" duration-ms="11" status="PASS">
          <reporter-output>
          </reporter-output>
        </test-method> <!-- readData -->
      </class> <!-- vTiger.Practice.ReadDataFromCmdLine -->
    </test> <!-- Test -->
  </suite> <!-- testng_ReadDataFromCmd -->
</testng-results>
